<testsuites name="jest tests" tests="4" failures="0" time="1.966">
  <testsuite name="undefined" errors="0" failures="0" skipped="0" timestamp="2024-09-26T23:00:33" time="1.966" tests="4">
    <testcase classname=" Initial articles render correctly" name=" Initial articles render correctly" time="0.042">
    </testcase>
    <testcase classname=" Clicking on top renders expected articles" name=" Clicking on top renders expected articles" time="0.019">
    </testcase>
    <testcase classname=" Clicking on newest renders expected articles" name=" Clicking on newest renders expected articles" time="0.038">
    </testcase>
    <testcase classname=" Sequence of navigation clicks renders expected articles" name=" Sequence of navigation clicks renders expected articles" time="0.055">
    </testcase>
  </testsuite>
</testsuites>