<testsuites name="jest tests">
  <testsuite name="undefined" errors="0" failures="0" skipped="0" timestamp="2024-10-29T21:48:15" time="1.428" tests="4">
    <testcase classname=" Initial articles render correctly" name=" Initial articles render correctly" time="0.033">
    </testcase>
    <testcase classname=" Clicking on top renders expected articles" name=" Clicking on top renders expected articles" time="0.018">
    </testcase>
    <testcase classname=" Clicking on newest renders expected articles" name=" Clicking on newest renders expected articles" time="0.023">
    </testcase>
    <testcase classname=" Sequence of navigation clicks renders expected articles" name=" Sequence of navigation clicks renders expected articles" time="0.031">
    </testcase>
  </testsuite>
</testsuites>